This is pdfTeX, Version 3.14159265-2.6-1.40.21 (MiKTeX 20.11) (preloaded format=pdflatex 2020.11.29)  17 DEC 2020 09:31
entering extended mode
**"c:/Users/jpwes/OneDrive - University of Leeds/Latex/dynamics_of_weather_systems/2/winter_storm_friedhelm.tex"
("c:/Users/jpwes/OneDrive - University of Leeds/Latex/dynamics_of_weather_systems/2/winter_storm_friedhelm.tex"
LaTeX2e <2020-10-01> patch level 2
L3 programming layer <2020-10-27> xparse <2020-03-03> (C:\Users\jpwes\AppData\Local\Programs\MiKTeX\tex/latex/base\article.cls
Document Class: article 2020/04/10 v1.4m Standard LaTeX document class
(C:\Users\jpwes\AppData\Local\Programs\MiKTeX\tex/latex/base\size12.clo
File: size12.clo 2020/04/10 v1.4m Standard LaTeX file (size option)
)
\c@part=\count175
\c@section=\count176
\c@subsection=\count177
\c@subsubsection=\count178
\c@paragraph=\count179
\c@subparagraph=\count180
\c@figure=\count181
\c@table=\count182
\abovecaptionskip=\skip47
\belowcaptionskip=\skip48
\bibindent=\dimen138
) (C:\Users\jpwes\AppData\Local\Programs\MiKTeX\tex/generic/babel\babel.sty
Package: babel 2020/10/27 3.51 The Babel package
 (C:\Users\jpwes\AppData\Local\Programs\MiKTeX\tex/generic/babel\babel.def
File: babel.def 2020/10/27 3.51 Babel common definitions
\babel@savecnt=\count183
\U@D=\dimen139
\l@babelnohyphens=\language79
 (C:\Users\jpwes\AppData\Local\Programs\MiKTeX\tex/generic/babel\txtbabel.def)
\bbl@readstream=\read2
)
\bbl@dirlevel=\count184

*************************************
* Local config file bblopts.cfg used
*
(C:\Users\jpwes\AppData\Local\Programs\MiKTeX\tex/latex/arabi\bblopts.cfg
File: bblopts.cfg 2005/09/08 v0.1 add Arabic and Farsi to "declared" options of babel
) (C:\Users\jpwes\AppData\Local\Programs\MiKTeX\tex/latex/babel-english\english.ldf
Language: english 2017/06/06 v3.3r English support from the babel system
Package babel Info: \l@canadian = using hyphenrules for english
(babel)             (\language0) on input line 102.
Package babel Info: \l@australian = using hyphenrules for ukenglish
(babel)             (\language73) on input line 105.
Package babel Info: \l@newzealand = using hyphenrules for ukenglish
(babel)             (\language73) on input line 108.
)) (C:\Users\jpwes\AppData\Local\Programs\MiKTeX\tex/latex/base\inputenc.sty
Package: inputenc 2020/08/01 v1.3d Input encoding file
\inpenc@prehook=\toks15
\inpenc@posthook=\toks16
) (C:\Users\jpwes\AppData\Local\Programs\MiKTeX\tex/latex/geometry\geometry.sty
Package: geometry 2020/01/02 v5.9 Page Geometry
 (C:\Users\jpwes\AppData\Local\Programs\MiKTeX\tex/latex/graphics\keyval.sty
Package: keyval 2014/10/28 v1.15 key=value parser (DPC)
\KV@toks@=\toks17
) (C:\Users\jpwes\AppData\Local\Programs\MiKTeX\tex/generic/iftex\ifvtex.sty
Package: ifvtex 2019/10/25 v1.7 ifvtex legacy package. Use iftex instead.
 (C:\Users\jpwes\AppData\Local\Programs\MiKTeX\tex/generic/iftex\iftex.sty
Package: iftex 2020/03/06 v1.0d TeX engine tests
))
\Gm@cnth=\count185
\Gm@cntv=\count186
\c@Gm@tempcnt=\count187
\Gm@bindingoffset=\dimen140
\Gm@wd@mp=\dimen141
\Gm@odd@mp=\dimen142
\Gm@even@mp=\dimen143
\Gm@layoutwidth=\dimen144
\Gm@layoutheight=\dimen145
\Gm@layouthoffset=\dimen146
\Gm@layoutvoffset=\dimen147
\Gm@dimlist=\toks18
 (C:\Users\jpwes\AppData\Local\Programs\MiKTeX\tex/latex/geometry\geometry.cfg)) (C:\Users\jpwes\AppData\Local\Programs\MiKTeX\tex/latex/natbib\natbib.sty
Package: natbib 2010/09/13 8.31b (PWD, AO)
\bibhang=\skip49
\bibsep=\skip50
LaTeX Info: Redefining \cite on input line 694.
\c@NAT@ctr=\count188
) (C:\Users\jpwes\AppData\Local\Programs\MiKTeX\tex/latex/graphics\graphicx.sty
Package: graphicx 2020/09/09 v1.2b Enhanced LaTeX Graphics (DPC,SPQR)
 (C:\Users\jpwes\AppData\Local\Programs\MiKTeX\tex/latex/graphics\graphics.sty
Package: graphics 2020/08/30 v1.4c Standard LaTeX Graphics (DPC,SPQR)
 (C:\Users\jpwes\AppData\Local\Programs\MiKTeX\tex/latex/graphics\trig.sty
Package: trig 2016/01/03 v1.10 sin cos tan (DPC)
) (C:\Users\jpwes\AppData\Local\Programs\MiKTeX\tex/latex/graphics-cfg\graphics.cfg
File: graphics.cfg 2016/06/04 v1.11 sample graphics configuration
)
Package graphics Info: Driver file: pdftex.def on input line 105.
 (C:\Users\jpwes\AppData\Local\Programs\MiKTeX\tex/latex/graphics-def\pdftex.def
File: pdftex.def 2020/10/05 v1.2a Graphics/color driver for pdftex
))
\Gin@req@height=\dimen148
\Gin@req@width=\dimen149
) (C:\Users\jpwes\AppData\Local\Programs\MiKTeX\tex/latex/amsmath\amsmath.sty
Package: amsmath 2020/09/23 v2.17i AMS math features
\@mathmargin=\skip51

For additional information on amsmath, use the `?' option.
(C:\Users\jpwes\AppData\Local\Programs\MiKTeX\tex/latex/amsmath\amstext.sty
Package: amstext 2000/06/29 v2.01 AMS text
 (C:\Users\jpwes\AppData\Local\Programs\MiKTeX\tex/latex/amsmath\amsgen.sty
File: amsgen.sty 1999/11/30 v2.0 generic functions
\@emptytoks=\toks19
\ex@=\dimen150
)) (C:\Users\jpwes\AppData\Local\Programs\MiKTeX\tex/latex/amsmath\amsbsy.sty
Package: amsbsy 1999/11/29 v1.2d Bold Symbols
\pmbraise@=\dimen151
) (C:\Users\jpwes\AppData\Local\Programs\MiKTeX\tex/latex/amsmath\amsopn.sty
Package: amsopn 2016/03/08 v2.02 operator names
)
\inf@bad=\count189
LaTeX Info: Redefining \frac on input line 234.
\uproot@=\count190
\leftroot@=\count191
LaTeX Info: Redefining \overline on input line 399.
\classnum@=\count192
\DOTSCASE@=\count193
LaTeX Info: Redefining \ldots on input line 496.
LaTeX Info: Redefining \dots on input line 499.
LaTeX Info: Redefining \cdots on input line 620.
\Mathstrutbox@=\box47
\strutbox@=\box48
\big@size=\dimen152
LaTeX Font Info:    Redeclaring font encoding OML on input line 743.
LaTeX Font Info:    Redeclaring font encoding OMS on input line 744.
\macc@depth=\count194
\c@MaxMatrixCols=\count195
\dotsspace@=\muskip16
\c@parentequation=\count196
\dspbrk@lvl=\count197
\tag@help=\toks20
\row@=\count198
\column@=\count199
\maxfields@=\count266
\andhelp@=\toks21
\eqnshift@=\dimen153
\alignsep@=\dimen154
\tagshift@=\dimen155
\tagwidth@=\dimen156
\totwidth@=\dimen157
\lineht@=\dimen158
\@envbody=\toks22
\multlinegap=\skip52
\multlinetaggap=\skip53
\mathdisplay@stack=\toks23
LaTeX Info: Redefining \[ on input line 2923.
LaTeX Info: Redefining \] on input line 2924.
) (C:\Users\jpwes\AppData\Local\Programs\MiKTeX\tex/latex/amsfonts\amssymb.sty
Package: amssymb 2013/01/14 v3.01 AMS font symbols
 (C:\Users\jpwes\AppData\Local\Programs\MiKTeX\tex/latex/amsfonts\amsfonts.sty
Package: amsfonts 2013/01/14 v3.01 Basic AMSFonts support
\symAMSa=\mathgroup4
\symAMSb=\mathgroup5
LaTeX Font Info:    Redeclaring math symbol \hbar on input line 98.
LaTeX Font Info:    Overwriting math alphabet `\mathfrak' in version `bold'
(Font)                  U/euf/m/n --> U/euf/b/n on input line 106.
)) (C:\Users\jpwes\AppData\Local\Programs\MiKTeX\tex/latex/subfigure\subfigure.sty
Package: subfigure 2002/07/30 v2.1.4 subfigure package
\subfigtopskip=\skip54
\subfigcapskip=\skip55
\subfigcaptopadj=\dimen159
\subfigbottomskip=\skip56
\subfigcapmargin=\dimen160
\subfiglabelskip=\skip57
\c@subfigure=\count267
\c@lofdepth=\count268
\c@subtable=\count269
\c@lotdepth=\count270

****************************************
* Local config file subfigure.cfg used *
****************************************
(C:\Users\jpwes\AppData\Local\Programs\MiKTeX\tex/latex/subfigure\subfigure.cfg)
\subfig@top=\skip58
\subfig@bottom=\skip59
) (C:\Users\jpwes\AppData\Local\Programs\MiKTeX\tex/latex/float\float.sty
Package: float 2001/11/08 v1.3d Float enhancements (AL)
\c@float@type=\count271
\float@exts=\toks24
\float@box=\box49
\@float@everytoks=\toks25
\@floatcapt=\box50
) (C:\Users\jpwes\AppData\Local\Programs\MiKTeX\tex/latex/tools\bm.sty
Package: bm 2019/07/24 v1.2d Bold Symbol Support (DPC/FMi)
\symboldoperators=\mathgroup6
\symboldletters=\mathgroup7
\symboldsymbols=\mathgroup8
LaTeX Font Info:    Redeclaring math alphabet \mathbf on input line 141.
LaTeX Info: Redefining \bm on input line 209.
) (C:\Users\jpwes\AppData\Local\Programs\MiKTeX\tex/latex/blindtext\blindtext.sty
Package: blindtext 2012/01/06 V2.0 blindtext-Package
 (C:\Users\jpwes\AppData\Local\Programs\MiKTeX\tex/latex/tools\xspace.sty
Package: xspace 2014/10/28 v1.13 Space after command names (DPC,MH)
)
\c@blindtext=\count272
\c@Blindtext=\count273
\c@blind@countparstart=\count274
\blind@countxx=\count275
\blindtext@numBlindtext=\count276
\blind@countyy=\count277
\c@blindlist=\count278
\c@blindlistlevel=\count279
\c@blindlist@level=\count280
\blind@listitem=\count281
\c@blind@listcount=\count282
\c@blind@levelcount=\count283
\blind@mathformula=\count284
\blind@Mathformula=\count285
\c@blind@randomcount=\count286
\c@blind@randommax=\count287
\c@blind@pangramcount=\count288
\c@blind@pangrammax=\count289
) (C:\Users\jpwes\AppData\Local\Programs\MiKTeX\tex/latex/l3backend\l3backend-pdftex.def
File: l3backend-pdftex.def 2020-09-24 L3 backend support: PDF output (pdfTeX)
\l__kernel_color_stack_int=\count290
\l__pdf_internal_box=\box51
) ("c:/Users\jpwes\OneDrive - University of Leeds\Latex\dynamics_of_weather_systems\2\winter_storm_friedhelm.aux")
\openout1 = `winter_storm_friedhelm.aux'.

LaTeX Font Info:    Checking defaults for OML/cmm/m/it on input line 13.
LaTeX Font Info:    ... okay on input line 13.
LaTeX Font Info:    Checking defaults for OMS/cmsy/m/n on input line 13.
LaTeX Font Info:    ... okay on input line 13.
LaTeX Font Info:    Checking defaults for OT1/cmr/m/n on input line 13.
LaTeX Font Info:    ... okay on input line 13.
LaTeX Font Info:    Checking defaults for T1/cmr/m/n on input line 13.
LaTeX Font Info:    ... okay on input line 13.
LaTeX Font Info:    Checking defaults for TS1/cmr/m/n on input line 13.
LaTeX Font Info:    ... okay on input line 13.
LaTeX Font Info:    Checking defaults for OMX/cmex/m/n on input line 13.
LaTeX Font Info:    ... okay on input line 13.
LaTeX Font Info:    Checking defaults for U/cmr/m/n on input line 13.
LaTeX Font Info:    ... okay on input line 13.

*geometry* driver: auto-detecting
*geometry* detected driver: pdftex
*geometry* verbose mode - [ preamble ] result:
* driver: pdftex
* paper: a4paper
* layout: <same size as paper>
* layoutoffset:(h,v)=(0.0pt,0.0pt)
* modes: 
* h-part:(L,W,R)=(72.26999pt, 452.9679pt, 72.26999pt)
* v-part:(T,H,B)=(72.26999pt, 700.50687pt, 72.26999pt)
* \paperwidth=597.50787pt
* \paperheight=845.04684pt
* \textwidth=452.9679pt
* \textheight=700.50687pt
* \oddsidemargin=0.0pt
* \evensidemargin=0.0pt
* \topmargin=-37.0pt
* \headheight=12.0pt
* \headsep=25.0pt
* \topskip=12.0pt
* \footskip=30.0pt
* \marginparwidth=35.0pt
* \marginparsep=10.0pt
* \columnsep=10.0pt
* \skip\footins=10.8pt plus 4.0pt minus 2.0pt
* \hoffset=0.0pt
* \voffset=0.0pt
* \mag=1000
* \@twocolumnfalse
* \@twosidefalse
* \@mparswitchfalse
* \@reversemarginfalse
* (1in=72.27pt=25.4mm, 1cm=28.453pt)

(C:\Users\jpwes\AppData\Local\Programs\MiKTeX\tex/context/base/mkii\supp-pdf.mkii
[Loading MPS to PDF converter (version 2006.09.02).]
\scratchcounter=\count291
\scratchdimen=\dimen161
\scratchbox=\box52
\nofMPsegments=\count292
\nofMParguments=\count293
\everyMPshowfont=\toks26
\MPscratchCnt=\count294
\MPscratchDim=\dimen162
\MPnumerator=\count295
\makeMPintoPDFobject=\count296
\everyMPtoPDFconversion=\toks27
) (C:\Users\jpwes\AppData\Local\Programs\MiKTeX\tex/latex/epstopdf-pkg\epstopdf-base.sty
Package: epstopdf-base 2020-01-24 v2.11 Base part for package epstopdf
Package epstopdf-base Info: Redefining graphics rule for `.eps' on input line 485.
)
LaTeX Font Info:    Trying to load font information for U+msa on input line 14.
 (C:\Users\jpwes\AppData\Local\Programs\MiKTeX\tex/latex/amsfonts\umsa.fd
File: umsa.fd 2013/01/14 v3.01 AMS symbols A
)
LaTeX Font Info:    Trying to load font information for U+msb on input line 14.
 (C:\Users\jpwes\AppData\Local\Programs\MiKTeX\tex/latex/amsfonts\umsb.fd
File: umsb.fd 2013/01/14 v3.01 AMS symbols B
) ("c:/Users\jpwes\OneDrive - University of Leeds\Latex\dynamics_of_weather_systems\2\winter_storm_friedhelm.toc")
\tf@toc=\write3
\openout3 = `winter_storm_friedhelm.toc'.

<friedhelm.jpg, id=1, 941.46324pt x 971.73851pt>
File: friedhelm.jpg Graphic file (type jpg)
<use friedhelm.jpg>
Package pdftex.def Info: friedhelm.jpg  used on input line 23.
(pdftex.def)             Requested size: 226.48395pt x 233.7558pt.
 [1

{C:/Users/jpwes/AppData/Local/MiKTeX/pdftex/config/pdftex.map}]
<plots/ERA_interim_MSLP_20111208_0000.png, id=11, 599.3592pt x 558.4062pt>
File: plots/ERA_interim_MSLP_20111208_0000.png Graphic file (type png)
<use plots/ERA_interim_MSLP_20111208_0000.png>
Package pdftex.def Info: plots/ERA_interim_MSLP_20111208_0000.png  used on input line 34.
(pdftex.def)             Requested size: 203.83417pt x 189.90671pt.
<plots/ERA_interim_MSLP_20111208_0600.png, id=13, 599.3592pt x 558.4062pt>
File: plots/ERA_interim_MSLP_20111208_0600.png Graphic file (type png)
<use plots/ERA_interim_MSLP_20111208_0600.png>
Package pdftex.def Info: plots/ERA_interim_MSLP_20111208_0600.png  used on input line 35.
(pdftex.def)             Requested size: 203.83417pt x 189.90671pt.
<plots/ERA_interim_MSLP_20111208_1200.png, id=14, 599.3592pt x 558.4062pt>
File: plots/ERA_interim_MSLP_20111208_1200.png Graphic file (type png)
<use plots/ERA_interim_MSLP_20111208_1200.png>
Package pdftex.def Info: plots/ERA_interim_MSLP_20111208_1200.png  used on input line 36.
(pdftex.def)             Requested size: 203.83417pt x 189.90671pt.
<plots/ERA_interim_MSLP_20111208_1800.png, id=15, 599.3592pt x 558.4062pt>
File: plots/ERA_interim_MSLP_20111208_1800.png Graphic file (type png)
<use plots/ERA_interim_MSLP_20111208_1800.png>
Package pdftex.def Info: plots/ERA_interim_MSLP_20111208_1800.png  used on input line 37.
(pdftex.def)             Requested size: 203.83417pt x 189.90671pt.
 [2 <c:/Users/jpwes/OneDrive - University of Leeds/Latex/dynamics_of_weather_systems/2/friedhelm.jpg>]
<plots/ERA_interim_Windspeed_20111208_1200_850hPa.png, id=24, 600.8046pt x 565.1514pt>
File: plots/ERA_interim_Windspeed_20111208_1200_850hPa.png Graphic file (type png)
<use plots/ERA_interim_Windspeed_20111208_1200_850hPa.png>
Package pdftex.def Info: plots/ERA_interim_Windspeed_20111208_1200_850hPa.png  used on input line 44.
(pdftex.def)             Requested size: 203.83417pt x 191.735pt.
<plots/ERA_interim_Windspeed_20111208_1200_500hPa.png, id=25, 600.8046pt x 565.1514pt>
File: plots/ERA_interim_Windspeed_20111208_1200_500hPa.png Graphic file (type png)
<use plots/ERA_interim_Windspeed_20111208_1200_500hPa.png>
Package pdftex.def Info: plots/ERA_interim_Windspeed_20111208_1200_500hPa.png  used on input line 45.
(pdftex.def)             Requested size: 203.83417pt x 191.735pt.
<plots/ERA_interim_specific_humidity20111208_0000_850hPa.png, id=26, 599.3592pt x 560.8152pt>
File: plots/ERA_interim_specific_humidity20111208_0000_850hPa.png Graphic file (type png)
<use plots/ERA_interim_specific_humidity20111208_0000_850hPa.png>
Package pdftex.def Info: plots/ERA_interim_specific_humidity20111208_0000_850hPa.png  used on input line 51.
(pdftex.def)             Requested size: 203.83417pt x 190.72598pt.
<plots/ERA_interim_specific_humidity20111208_0600_850hPa.png, id=27, 599.3592pt x 560.8152pt>
File: plots/ERA_interim_specific_humidity20111208_0600_850hPa.png Graphic file (type png)
<use plots/ERA_interim_specific_humidity20111208_0600_850hPa.png>
Package pdftex.def Info: plots/ERA_interim_specific_humidity20111208_0600_850hPa.png  used on input line 52.
(pdftex.def)             Requested size: 203.83417pt x 190.72598pt.
<plots/ERA_interim_specific_humidity20111208_1200_850hPa.png, id=28, 599.3592pt x 560.8152pt>
File: plots/ERA_interim_specific_humidity20111208_1200_850hPa.png Graphic file (type png)
<use plots/ERA_interim_specific_humidity20111208_1200_850hPa.png>
Package pdftex.def Info: plots/ERA_interim_specific_humidity20111208_1200_850hPa.png  used on input line 53.
(pdftex.def)             Requested size: 203.83417pt x 190.72598pt.
<plots/ERA_interim_specific_humidity20111208_1800_850hPa.png, id=29, 599.3592pt x 560.8152pt>
File: plots/ERA_interim_specific_humidity20111208_1800_850hPa.png Graphic file (type png)
<use plots/ERA_interim_specific_humidity20111208_1800_850hPa.png>
Package pdftex.def Info: plots/ERA_interim_specific_humidity20111208_1800_850hPa.png  used on input line 54.
(pdftex.def)             Requested size: 203.83417pt x 190.72598pt.
 [3 <c:/Users/jpwes/OneDrive - University of Leeds/Latex/dynamics_of_weather_systems/2/plots/ERA_interim_MSLP_20111208_0000.png> <c:/Users/jpwes/OneDrive - University of Leeds/Latex/dynamics_of_weather_systems/2/plots/ERA_interim_MSLP_20111208_0600.png> <c:/Users/jpwes/OneDrive - University of Leeds/Latex/dynamics_of_weather_systems/2/plots/ERA_interim_MSLP_20111208_1200.png> <c:/Users/jpwes/OneDrive - University of Leeds/Latex/dynamics_of_weather_systems/2/plots/ERA_interim_MSLP_20111208_1800.png>] [4 <c:/Users/jpwes/OneDrive - University of Leeds/Latex/dynamics_of_weather_systems/2/plots/ERA_interim_Windspeed_20111208_1200_850hPa.png> <c:/Users/jpwes/OneDrive - University of Leeds/Latex/dynamics_of_weather_systems/2/plots/ERA_interim_Windspeed_20111208_1200_500hPa.png>]
<plots/ERA_interim_Relative_Vorticity_20111208_0000_500hPa.png, id=43, 599.3592pt x 560.8152pt>
File: plots/ERA_interim_Relative_Vorticity_20111208_0000_500hPa.png Graphic file (type png)
<use plots/ERA_interim_Relative_Vorticity_20111208_0000_500hPa.png>
Package pdftex.def Info: plots/ERA_interim_Relative_Vorticity_20111208_0000_500hPa.png  used on input line 68.
(pdftex.def)             Requested size: 203.83417pt x 190.72598pt.
<plots/ERA_interim_Relative_Vorticity_20111208_0600_500hPa.png, id=44, 599.3592pt x 560.8152pt>
File: plots/ERA_interim_Relative_Vorticity_20111208_0600_500hPa.png Graphic file (type png)
<use plots/ERA_interim_Relative_Vorticity_20111208_0600_500hPa.png>
Package pdftex.def Info: plots/ERA_interim_Relative_Vorticity_20111208_0600_500hPa.png  used on input line 69.
(pdftex.def)             Requested size: 203.83417pt x 190.72598pt.
<plots/ERA_interim_Relative_Vorticity_20111208_1200_500hPa.png, id=45, 599.3592pt x 560.8152pt>
File: plots/ERA_interim_Relative_Vorticity_20111208_1200_500hPa.png Graphic file (type png)
<use plots/ERA_interim_Relative_Vorticity_20111208_1200_500hPa.png>
Package pdftex.def Info: plots/ERA_interim_Relative_Vorticity_20111208_1200_500hPa.png  used on input line 70.
(pdftex.def)             Requested size: 203.83417pt x 190.72598pt.
<plots/ERA_interim_Relative_Vorticity_20111208_1800_500hPa.png, id=46, 599.3592pt x 560.8152pt>
File: plots/ERA_interim_Relative_Vorticity_20111208_1800_500hPa.png Graphic file (type png)
<use plots/ERA_interim_Relative_Vorticity_20111208_1800_500hPa.png>
Package pdftex.def Info: plots/ERA_interim_Relative_Vorticity_20111208_1800_500hPa.png  used on input line 71.
(pdftex.def)             Requested size: 203.83417pt x 190.72598pt.
 [5 <c:/Users/jpwes/OneDrive - University of Leeds/Latex/dynamics_of_weather_systems/2/plots/ERA_interim_specific_humidity20111208_0000_850hPa.png> <c:/Users/jpwes/OneDrive - University of Leeds/Latex/dynamics_of_weather_systems/2/plots/ERA_interim_specific_humidity20111208_0600_850hPa.png> <c:/Users/jpwes/OneDrive - University of Leeds/Latex/dynamics_of_weather_systems/2/plots/ERA_interim_specific_humidity20111208_1200_850hPa.png> <c:/Users/jpwes/OneDrive - University of Leeds/Latex/dynamics_of_weather_systems/2/plots/ERA_interim_specific_humidity20111208_1800_850hPa.png>]
<plots/ERA_interim_Divergence_20111208_1200_850hPa.png, id=55, 599.3592pt x 560.8152pt>
File: plots/ERA_interim_Divergence_20111208_1200_850hPa.png Graphic file (type png)
<use plots/ERA_interim_Divergence_20111208_1200_850hPa.png>
Package pdftex.def Info: plots/ERA_interim_Divergence_20111208_1200_850hPa.png  used on input line 77.
(pdftex.def)             Requested size: 203.83417pt x 190.72598pt.
<plots/ERA_interim_Divergence_20111208_1200_250hPa.png, id=56, 599.3592pt x 560.8152pt>
File: plots/ERA_interim_Divergence_20111208_1200_250hPa.png Graphic file (type png)
<use plots/ERA_interim_Divergence_20111208_1200_250hPa.png>
Package pdftex.def Info: plots/ERA_interim_Divergence_20111208_1200_250hPa.png  used on input line 78.
(pdftex.def)             Requested size: 203.83417pt x 190.72598pt.
<plots/ERA_interim_Vertical_velocity_20111208_1200_850hPa.png, id=57, 599.3592pt x 560.8152pt>
File: plots/ERA_interim_Vertical_velocity_20111208_1200_850hPa.png Graphic file (type png)
<use plots/ERA_interim_Vertical_velocity_20111208_1200_850hPa.png>
Package pdftex.def Info: plots/ERA_interim_Vertical_velocity_20111208_1200_850hPa.png  used on input line 79.
(pdftex.def)             Requested size: 203.83417pt x 190.72598pt.
<plots/ERA_interim_Vertical_velocity_20111208_1200_250hPa.png, id=58, 599.3592pt x 560.8152pt>
File: plots/ERA_interim_Vertical_velocity_20111208_1200_250hPa.png Graphic file (type png)
<use plots/ERA_interim_Vertical_velocity_20111208_1200_250hPa.png>
Package pdftex.def Info: plots/ERA_interim_Vertical_velocity_20111208_1200_250hPa.png  used on input line 80.
(pdftex.def)             Requested size: 203.83417pt x 190.72598pt.
 [6 <c:/Users/jpwes/OneDrive - University of Leeds/Latex/dynamics_of_weather_systems/2/plots/ERA_interim_Relative_Vorticity_20111208_0000_500hPa.png> <c:/Users/jpwes/OneDrive - University of Leeds/Latex/dynamics_of_weather_systems/2/plots/ERA_interim_Relative_Vorticity_20111208_0600_500hPa.png> <c:/Users/jpwes/OneDrive - University of Leeds/Latex/dynamics_of_weather_systems/2/plots/ERA_interim_Relative_Vorticity_20111208_1200_500hPa.png> <c:/Users/jpwes/OneDrive - University of Leeds/Latex/dynamics_of_weather_systems/2/plots/ERA_interim_Relative_Vorticity_20111208_1800_500hPa.png>]
<plots/ERA_interim_CLWC_Cross_Section20111208_0600_Longitude_-5.png, id=66, 608.5134pt x 545.8794pt>
File: plots/ERA_interim_CLWC_Cross_Section20111208_0600_Longitude_-5.png Graphic file (type png)
<use plots/ERA_interim_CLWC_Cross_Section20111208_0600_Longitude_-5.png>
Package pdftex.def Info: plots/ERA_interim_CLWC_Cross_Section20111208_0600_Longitude_-5.png  used on input line 87.
(pdftex.def)             Requested size: 203.83417pt x 182.85614pt.
<plots/ERA_interim_CIWC_Cross_Section20111208_0600_Longitude_-5.png, id=67, 608.5134pt x 545.8794pt>
File: plots/ERA_interim_CIWC_Cross_Section20111208_0600_Longitude_-5.png Graphic file (type png)
<use plots/ERA_interim_CIWC_Cross_Section20111208_0600_Longitude_-5.png>
Package pdftex.def Info: plots/ERA_interim_CIWC_Cross_Section20111208_0600_Longitude_-5.png  used on input line 88.
(pdftex.def)             Requested size: 203.83417pt x 182.85614pt.
<plots/ERA_interim_CLWC_20111208_0600_850hPa.png, id=68, 599.3592pt x 560.8152pt>
File: plots/ERA_interim_CLWC_20111208_0600_850hPa.png Graphic file (type png)
<use plots/ERA_interim_CLWC_20111208_0600_850hPa.png>
Package pdftex.def Info: plots/ERA_interim_CLWC_20111208_0600_850hPa.png  used on input line 89.
(pdftex.def)             Requested size: 203.83417pt x 190.72598pt.
<plots/ERA_interim_CLIC_20111208_0600_500hPa.png, id=69, 599.3592pt x 560.8152pt>
File: plots/ERA_interim_CLIC_20111208_0600_500hPa.png Graphic file (type png)
<use plots/ERA_interim_CLIC_20111208_0600_500hPa.png>
Package pdftex.def Info: plots/ERA_interim_CLIC_20111208_0600_500hPa.png  used on input line 90.
(pdftex.def)             Requested size: 203.83417pt x 190.72598pt.
<plots/ERA_interim_CLWC_Cross_Section20111208_1200_Longitude_0.png, id=70, 608.5134pt x 545.8794pt>
File: plots/ERA_interim_CLWC_Cross_Section20111208_1200_Longitude_0.png Graphic file (type png)
<use plots/ERA_interim_CLWC_Cross_Section20111208_1200_Longitude_0.png>
Package pdftex.def Info: plots/ERA_interim_CLWC_Cross_Section20111208_1200_Longitude_0.png  used on input line 97.
(pdftex.def)             Requested size: 203.83417pt x 182.85614pt.
<plots/ERA_interim_CIWC_Cross_Section20111208_1200_Longitude_0.png, id=71, 608.5134pt x 545.8794pt>
File: plots/ERA_interim_CIWC_Cross_Section20111208_1200_Longitude_0.png Graphic file (type png)
<use plots/ERA_interim_CIWC_Cross_Section20111208_1200_Longitude_0.png>
Package pdftex.def Info: plots/ERA_interim_CIWC_Cross_Section20111208_1200_Longitude_0.png  used on input line 98.
(pdftex.def)             Requested size: 203.83417pt x 182.85614pt.
<plots/ERA_interim_CLWC_20111208_1200_850hPa.png, id=72, 599.3592pt x 560.8152pt>
File: plots/ERA_interim_CLWC_20111208_1200_850hPa.png Graphic file (type png)
<use plots/ERA_interim_CLWC_20111208_1200_850hPa.png>
Package pdftex.def Info: plots/ERA_interim_CLWC_20111208_1200_850hPa.png  used on input line 99.
(pdftex.def)             Requested size: 203.83417pt x 190.72598pt.
<plots/ERA_interim_CLIC_20111208_1200_500hPa.png, id=73, 599.3592pt x 560.8152pt>
File: plots/ERA_interim_CLIC_20111208_1200_500hPa.png Graphic file (type png)
<use plots/ERA_interim_CLIC_20111208_1200_500hPa.png>
Package pdftex.def Info: plots/ERA_interim_CLIC_20111208_1200_500hPa.png  used on input line 100.
(pdftex.def)             Requested size: 203.83417pt x 190.72598pt.
<plots/ERA_interim_w_Cross_Section20111208_1200_Longitude_-5.png, id=74, 608.5134pt x 545.8794pt>
File: plots/ERA_interim_w_Cross_Section20111208_1200_Longitude_-5.png Graphic file (type png)
<use plots/ERA_interim_w_Cross_Section20111208_1200_Longitude_-5.png>
Package pdftex.def Info: plots/ERA_interim_w_Cross_Section20111208_1200_Longitude_-5.png  used on input line 108.
(pdftex.def)             Requested size: 339.72592pt x 304.75748pt.
 [7 <c:/Users/jpwes/OneDrive - University of Leeds/Latex/dynamics_of_weather_systems/2/plots/ERA_interim_Divergence_20111208_1200_850hPa.png> <c:/Users/jpwes/OneDrive - University of Leeds/Latex/dynamics_of_weather_systems/2/plots/ERA_interim_Divergence_20111208_1200_250hPa.png> <c:/Users/jpwes/OneDrive - University of Leeds/Latex/dynamics_of_weather_systems/2/plots/ERA_interim_Vertical_velocity_20111208_1200_850hPa.png> <c:/Users/jpwes/OneDrive - University of Leeds/Latex/dynamics_of_weather_systems/2/plots/ERA_interim_Vertical_velocity_20111208_1200_250hPa.png>] [8 <c:/Users/jpwes/OneDrive - University of Leeds/Latex/dynamics_of_weather_systems/2/plots/ERA_interim_CLWC_Cross_Section20111208_0600_Longitude_-5.png> <c:/Users/jpwes/OneDrive - University of Leeds/Latex/dynamics_of_weather_systems/2/plots/ERA_interim_CIWC_Cross_Section20111208_0600_Longitude_-5.png> <c:/Users/jpwes/OneDrive - University of Leeds/Latex/dynamics_of_weather_systems/2/plots/ERA_interim_CLWC_20111208_0600_850hPa.png> <c:/Users/jpwes/OneDrive - University of Leeds/Latex/dynamics_of_weather_systems/2/plots/ERA_interim_CLIC_20111208_0600_500hPa.png>] [9 <c:/Users/jpwes/OneDrive - University of Leeds/Latex/dynamics_of_weather_systems/2/plots/ERA_interim_CLWC_Cross_Section20111208_1200_Longitude_0.png> <c:/Users/jpwes/OneDrive - University of Leeds/Latex/dynamics_of_weather_systems/2/plots/ERA_interim_CIWC_Cross_Section20111208_1200_Longitude_0.png> <c:/Users/jpwes/OneDrive - University of Leeds/Latex/dynamics_of_weather_systems/2/plots/ERA_interim_CLWC_20111208_1200_850hPa.png> <c:/Users/jpwes/OneDrive - University of Leeds/Latex/dynamics_of_weather_systems/2/plots/ERA_interim_CLIC_20111208_1200_500hPa.png>]
<plots/ERA_interim_Windspeed_Cross_Section20111208_0000_Longitude_-20.png, id=98, 608.5134pt x 563.706pt>
File: plots/ERA_interim_Windspeed_Cross_Section20111208_0000_Longitude_-20.png Graphic file (type png)
<use plots/ERA_interim_Windspeed_Cross_Section20111208_0000_Longitude_-20.png>
Package pdftex.def Info: plots/ERA_interim_Windspeed_Cross_Section20111208_0000_Longitude_-20.png  used on input line 115.
(pdftex.def)             Requested size: 203.83417pt x 188.82762pt.
<plots/ERA_interim_Windspeed_Cross_Section20111208_0600_Longitude_-14.png, id=99, 608.5134pt x 563.706pt>
File: plots/ERA_interim_Windspeed_Cross_Section20111208_0600_Longitude_-14.png Graphic file (type png)
<use plots/ERA_interim_Windspeed_Cross_Section20111208_0600_Longitude_-14.png>
Package pdftex.def Info: plots/ERA_interim_Windspeed_Cross_Section20111208_0600_Longitude_-14.png  used on input line 116.
(pdftex.def)             Requested size: 203.83417pt x 188.82762pt.
<plots/ERA_interim_Windspeed_Cross_Section20111208_1200_Longitude_-5.png, id=100, 608.5134pt x 563.706pt>
File: plots/ERA_interim_Windspeed_Cross_Section20111208_1200_Longitude_-5.png Graphic file (type png)
<use plots/ERA_interim_Windspeed_Cross_Section20111208_1200_Longitude_-5.png>
Package pdftex.def Info: plots/ERA_interim_Windspeed_Cross_Section20111208_1200_Longitude_-5.png  used on input line 117.
(pdftex.def)             Requested size: 203.83417pt x 188.82762pt.
<plots/ERA_interim_Windspeed_Cross_Section20111208_1800_Longitude_0.png, id=101, 608.5134pt x 563.706pt>
File: plots/ERA_interim_Windspeed_Cross_Section20111208_1800_Longitude_0.png Graphic file (type png)
<use plots/ERA_interim_Windspeed_Cross_Section20111208_1800_Longitude_0.png>
Package pdftex.def Info: plots/ERA_interim_Windspeed_Cross_Section20111208_1800_Longitude_0.png  used on input line 118.
(pdftex.def)             Requested size: 203.83417pt x 188.82762pt.
 [10 <c:/Users/jpwes/OneDrive - University of Leeds/Latex/dynamics_of_weather_systems/2/plots/ERA_interim_w_Cross_Section20111208_1200_Longitude_-5.png>] [11 <c:/Users/jpwes/OneDrive - University of Leeds/Latex/dynamics_of_weather_systems/2/plots/ERA_interim_Windspeed_Cross_Section20111208_0000_Longitude_-20.png> <c:/Users/jpwes/OneDrive - University of Leeds/Latex/dynamics_of_weather_systems/2/plots/ERA_interim_Windspeed_Cross_Section20111208_0600_Longitude_-14.png> <c:/Users/jpwes/OneDrive - University of Leeds/Latex/dynamics_of_weather_systems/2/plots/ERA_interim_Windspeed_Cross_Section20111208_1200_Longitude_-5.png> <c:/Users/jpwes/OneDrive - University of Leeds/Latex/dynamics_of_weather_systems/2/plots/ERA_interim_Windspeed_Cross_Section20111208_1800_Longitude_0.png>]
<plots/ERA_interim_potential_temperature_20111208_0000_850hPa.png, id=113, 599.3592pt x 558.4062pt>
File: plots/ERA_interim_potential_temperature_20111208_0000_850hPa.png Graphic file (type png)
<use plots/ERA_interim_potential_temperature_20111208_0000_850hPa.png>
Package pdftex.def Info: plots/ERA_interim_potential_temperature_20111208_0000_850hPa.png  used on input line 133.
(pdftex.def)             Requested size: 203.83417pt x 189.90671pt.
<plots/ERA_interim_potential_temperature_20111208_0600_850hPa.png, id=114, 599.3592pt x 558.4062pt>
File: plots/ERA_interim_potential_temperature_20111208_0600_850hPa.png Graphic file (type png)
<use plots/ERA_interim_potential_temperature_20111208_0600_850hPa.png>
Package pdftex.def Info: plots/ERA_interim_potential_temperature_20111208_0600_850hPa.png  used on input line 134.
(pdftex.def)             Requested size: 203.83417pt x 189.90671pt.
<plots/ERA_interim_potential_temperature_20111208_1200_850hPa.png, id=115, 599.3592pt x 558.4062pt>
File: plots/ERA_interim_potential_temperature_20111208_1200_850hPa.png Graphic file (type png)
<use plots/ERA_interim_potential_temperature_20111208_1200_850hPa.png>
Package pdftex.def Info: plots/ERA_interim_potential_temperature_20111208_1200_850hPa.png  used on input line 135.
(pdftex.def)             Requested size: 203.83417pt x 189.90671pt.
<plots/ERA_interim_potential_temperature_20111208_1800_850hPa.png, id=116, 599.3592pt x 558.4062pt>
File: plots/ERA_interim_potential_temperature_20111208_1800_850hPa.png Graphic file (type png)
<use plots/ERA_interim_potential_temperature_20111208_1800_850hPa.png>
Package pdftex.def Info: plots/ERA_interim_potential_temperature_20111208_1800_850hPa.png  used on input line 136.
(pdftex.def)             Requested size: 203.83417pt x 189.90671pt.
<plots/ERA_interim_Z_geostrophic_20111208_1200_850hPa.png, id=117, 606.1044pt x 443.256pt>
File: plots/ERA_interim_Z_geostrophic_20111208_1200_850hPa.png Graphic file (type png)
<use plots/ERA_interim_Z_geostrophic_20111208_1200_850hPa.png>
Package pdftex.def Info: plots/ERA_interim_Z_geostrophic_20111208_1200_850hPa.png  used on input line 143.
(pdftex.def)             Requested size: 203.83417pt x 149.06827pt.
<plots/ERA_interim_Z_geostrophic_20111208_1200_500hPa.png, id=118, 606.1044pt x 443.256pt>
File: plots/ERA_interim_Z_geostrophic_20111208_1200_500hPa.png Graphic file (type png)
<use plots/ERA_interim_Z_geostrophic_20111208_1200_500hPa.png>
Package pdftex.def Info: plots/ERA_interim_Z_geostrophic_20111208_1200_500hPa.png  used on input line 144.
(pdftex.def)             Requested size: 203.83417pt x 149.06827pt.
<plots/ERA_interim_Z_geostrophic_20111208_1200_250hPa.png, id=119, 606.1044pt x 443.256pt>
File: plots/ERA_interim_Z_geostrophic_20111208_1200_250hPa.png Graphic file (type png)
<use plots/ERA_interim_Z_geostrophic_20111208_1200_250hPa.png>
Package pdftex.def Info: plots/ERA_interim_Z_geostrophic_20111208_1200_250hPa.png  used on input line 145.
(pdftex.def)             Requested size: 203.83417pt x 149.06827pt.
 [12]
<plots/ERA_interim_theta_ageostrophic_20111208_1200_850hPa.png, id=123, 606.1044pt x 443.256pt>
File: plots/ERA_interim_theta_ageostrophic_20111208_1200_850hPa.png Graphic file (type png)
<use plots/ERA_interim_theta_ageostrophic_20111208_1200_850hPa.png>
Package pdftex.def Info: plots/ERA_interim_theta_ageostrophic_20111208_1200_850hPa.png  used on input line 152.
(pdftex.def)             Requested size: 203.83417pt x 149.06827pt.
<plots/ERA_interim_theta_ageostrophic_20111208_1200_500hPa.png, id=124, 606.1044pt x 443.256pt>
File: plots/ERA_interim_theta_ageostrophic_20111208_1200_500hPa.png Graphic file (type png)
<use plots/ERA_interim_theta_ageostrophic_20111208_1200_500hPa.png>
Package pdftex.def Info: plots/ERA_interim_theta_ageostrophic_20111208_1200_500hPa.png  used on input line 153.
(pdftex.def)             Requested size: 203.83417pt x 149.06827pt.
<plots/ERA_interim_theta_ageostrophic_20111208_1200_250hPa.png, id=125, 606.1044pt x 443.256pt>
File: plots/ERA_interim_theta_ageostrophic_20111208_1200_250hPa.png Graphic file (type png)
<use plots/ERA_interim_theta_ageostrophic_20111208_1200_250hPa.png>
Package pdftex.def Info: plots/ERA_interim_theta_ageostrophic_20111208_1200_250hPa.png  used on input line 154.
(pdftex.def)             Requested size: 203.83417pt x 149.06827pt.
 [13 <c:/Users/jpwes/OneDrive - University of Leeds/Latex/dynamics_of_weather_systems/2/plots/ERA_interim_potential_temperature_20111208_0000_850hPa.png> <c:/Users/jpwes/OneDrive - University of Leeds/Latex/dynamics_of_weather_systems/2/plots/ERA_interim_potential_temperature_20111208_0600_850hPa.png> <c:/Users/jpwes/OneDrive - University of Leeds/Latex/dynamics_of_weather_systems/2/plots/ERA_interim_potential_temperature_20111208_1200_850hPa.png> <c:/Users/jpwes/OneDrive - University of Leeds/Latex/dynamics_of_weather_systems/2/plots/ERA_interim_potential_temperature_20111208_1800_850hPa.png>]
<plots/ERA_interim_T_Cross_Section20111208_0000_Longitude_-20.png, id=134, 608.5134pt x 559.3698pt>
File: plots/ERA_interim_T_Cross_Section20111208_0000_Longitude_-20.png Graphic file (type png)
<use plots/ERA_interim_T_Cross_Section20111208_0000_Longitude_-20.png>
Package pdftex.def Info: plots/ERA_interim_T_Cross_Section20111208_0000_Longitude_-20.png  used on input line 161.
(pdftex.def)             Requested size: 203.83417pt x 187.3751pt.
<plots/ERA_interim_T_Cross_Section20111208_0600_Longitude_-14.png, id=135, 608.5134pt x 559.3698pt>
File: plots/ERA_interim_T_Cross_Section20111208_0600_Longitude_-14.png Graphic file (type png)
<use plots/ERA_interim_T_Cross_Section20111208_0600_Longitude_-14.png>
Package pdftex.def Info: plots/ERA_interim_T_Cross_Section20111208_0600_Longitude_-14.png  used on input line 162.
(pdftex.def)             Requested size: 203.83417pt x 187.3751pt.
<plots/ERA_interim_T_Cross_Section20111208_1200_Longitude_-5.png, id=136, 608.5134pt x 559.3698pt>
File: plots/ERA_interim_T_Cross_Section20111208_1200_Longitude_-5.png Graphic file (type png)
<use plots/ERA_interim_T_Cross_Section20111208_1200_Longitude_-5.png>
Package pdftex.def Info: plots/ERA_interim_T_Cross_Section20111208_1200_Longitude_-5.png  used on input line 163.
(pdftex.def)             Requested size: 203.83417pt x 187.3751pt.
 [14 <c:/Users/jpwes/OneDrive - University of Leeds/Latex/dynamics_of_weather_systems/2/plots/ERA_interim_Z_geostrophic_20111208_1200_850hPa.png> <c:/Users/jpwes/OneDrive - University of Leeds/Latex/dynamics_of_weather_systems/2/plots/ERA_interim_Z_geostrophic_20111208_1200_500hPa.png> <c:/Users/jpwes/OneDrive - University of Leeds/Latex/dynamics_of_weather_systems/2/plots/ERA_interim_Z_geostrophic_20111208_1200_250hPa.png>] [15 <c:/Users/jpwes/OneDrive - University of Leeds/Latex/dynamics_of_weather_systems/2/plots/ERA_interim_theta_ageostrophic_20111208_1200_850hPa.png> <c:/Users/jpwes/OneDrive - University of Leeds/Latex/dynamics_of_weather_systems/2/plots/ERA_interim_theta_ageostrophic_20111208_1200_500hPa.png> <c:/Users/jpwes/OneDrive - University of Leeds/Latex/dynamics_of_weather_systems/2/plots/ERA_interim_theta_ageostrophic_20111208_1200_250hPa.png>]
<plots/ERA_interim_PV_Cross_Section20111208_0000_Longitude_-22.5.png, id=149, 608.5134pt x 559.3698pt>
File: plots/ERA_interim_PV_Cross_Section20111208_0000_Longitude_-22.5.png Graphic file (type png)
<use plots/ERA_interim_PV_Cross_Section20111208_0000_Longitude_-22.5.png>
Package pdftex.def Info: plots/ERA_interim_PV_Cross_Section20111208_0000_Longitude_-22.5.png  used on input line 170.
(pdftex.def)             Requested size: 452.9679pt x 416.39386pt.
<plots/ERA_interim_divQ_20111208_0000_850hPa.png, id=150, 599.3592pt x 549.252pt>
File: plots/ERA_interim_divQ_20111208_0000_850hPa.png Graphic file (type png)
<use plots/ERA_interim_divQ_20111208_0000_850hPa.png>
Package pdftex.def Info: plots/ERA_interim_divQ_20111208_0000_850hPa.png  used on input line 182.
(pdftex.def)             Requested size: 203.83417pt x 186.79349pt.
<plots/ERA_interim_divQ_20111208_0600_850hPa.png, id=151, 599.3592pt x 549.252pt>
File: plots/ERA_interim_divQ_20111208_0600_850hPa.png Graphic file (type png)
<use plots/ERA_interim_divQ_20111208_0600_850hPa.png>
Package pdftex.def Info: plots/ERA_interim_divQ_20111208_0600_850hPa.png  used on input line 183.
(pdftex.def)             Requested size: 203.83417pt x 186.79349pt.
<plots/ERA_interim_divQ_20111208_1200_850hPa.png, id=152, 599.3592pt x 549.252pt>
File: plots/ERA_interim_divQ_20111208_1200_850hPa.png Graphic file (type png)
<use plots/ERA_interim_divQ_20111208_1200_850hPa.png>
Package pdftex.def Info: plots/ERA_interim_divQ_20111208_1200_850hPa.png  used on input line 184.
(pdftex.def)             Requested size: 203.83417pt x 186.79349pt.
<plots/ERA_interim_divQ_20111208_1800_850hPa.png, id=153, 599.3592pt x 549.252pt>
File: plots/ERA_interim_divQ_20111208_1800_850hPa.png Graphic file (type png)
<use plots/ERA_interim_divQ_20111208_1800_850hPa.png>
Package pdftex.def Info: plots/ERA_interim_divQ_20111208_1800_850hPa.png  used on input line 185.
(pdftex.def)             Requested size: 203.83417pt x 186.79349pt.
 [16 <c:/Users/jpwes/OneDrive - University of Leeds/Latex/dynamics_of_weather_systems/2/plots/ERA_interim_T_Cross_Section20111208_0000_Longitude_-20.png> <c:/Users/jpwes/OneDrive - University of Leeds/Latex/dynamics_of_weather_systems/2/plots/ERA_interim_T_Cross_Section20111208_0600_Longitude_-14.png> <c:/Users/jpwes/OneDrive - University of Leeds/Latex/dynamics_of_weather_systems/2/plots/ERA_interim_T_Cross_Section20111208_1200_Longitude_-5.png>] [17 <c:/Users/jpwes/OneDrive - University of Leeds/Latex/dynamics_of_weather_systems/2/plots/ERA_interim_PV_Cross_Section20111208_0000_Longitude_-22.5.png>] ("c:/Users\jpwes\OneDrive - University of Leeds\Latex\dynamics_of_weather_systems\2\winter_storm_friedhelm.bbl" [18 <c:/Users/jpwes/OneDrive - University of Leeds/Latex/dynamics_of_weather_systems/2/plots/ERA_interim_divQ_20111208_0000_850hPa.png> <c:/Users/jpwes/OneDrive - University of Leeds/Latex/dynamics_of_weather_systems/2/plots/ERA_interim_divQ_20111208_0600_850hPa.png> <c:/Users/jpwes/OneDrive - University of Leeds/Latex/dynamics_of_weather_systems/2/plots/ERA_interim_divQ_20111208_1200_850hPa.png> <c:/Users/jpwes/OneDrive - University of Leeds/Latex/dynamics_of_weather_systems/2/plots/ERA_interim_divQ_20111208_1800_850hPa.png>]) [19] ("c:/Users\jpwes\OneDrive - University of Leeds\Latex\dynamics_of_weather_systems\2\winter_storm_friedhelm.aux") ) 
Here is how much of TeX's memory you used:
 4817 strings out of 479799
 81472 string characters out of 2869722
 367645 words of memory out of 3000000
 21673 multiletter control sequences out of 15000+200000
 551942 words of font info for 90 fonts, out of 3000000 for 9000
 1141 hyphenation exceptions out of 8191
 66i,7n,72p,1271b,267s stack positions out of 5000i,500n,10000p,200000b,50000s
<C:/Users/jpwes/AppData/Local/Programs/MiKTeX/fonts/type1/public/amsfonts/cm/cmbx10.pfb><C:/Users/jpwes/AppData/Local/Programs/MiKTeX/fonts/type1/public/amsfonts/cm/cmbx12.pfb><C:/Users/jpwes/AppData/Local/Programs/MiKTeX/fonts/type1/public/amsfonts/cm/cmex10.pfb><C:/Users/jpwes/AppData/Local/Programs/MiKTeX/fonts/type1/public/amsfonts/cm/cmmi12.pfb><C:/Users/jpwes/AppData/Local/Programs/MiKTeX/fonts/type1/public/amsfonts/cm/cmmi7.pfb><C:/Users/jpwes/AppData/Local/Programs/MiKTeX/fonts/type1/public/amsfonts/cm/cmmi8.pfb><C:/Users/jpwes/AppData/Local/Programs/MiKTeX/fonts/type1/public/amsfonts/cm/cmmib10.pfb><C:/Users/jpwes/AppData/Local/Programs/MiKTeX/fonts/type1/public/amsfonts/cm/cmr10.pfb><C:/Users/jpwes/AppData/Local/Programs/MiKTeX/fonts/type1/public/amsfonts/cm/cmr12.pfb><C:/Users/jpwes/AppData/Local/Programs/MiKTeX/fonts/type1/public/amsfonts/cm/cmr17.pfb><C:/Users/jpwes/AppData/Local/Programs/MiKTeX/fonts/type1/public/amsfonts/cm/cmr8.pfb><C:/Users/jpwes/AppData/Local/Programs/MiKTeX/fonts/type1/public/amsfonts/cm/cmsl12.pfb><C:/Users/jpwes/AppData/Local/Programs/MiKTeX/fonts/type1/public/amsfonts/cm/cmsy10.pfb><C:/Users/jpwes/AppData/Local/Programs/MiKTeX/fonts/type1/public/amsfonts/cm/cmsy8.pfb><C:/Users/jpwes/AppData/Local/Programs/MiKTeX/fonts/type1/public/amsfonts/cm/cmti12.pfb>
Output written on "c:/Users\jpwes\OneDrive - University of Leeds\Latex\dynamics_of_weather_systems\2\winter_storm_friedhelm.pdf" (19 pages, 13185351 bytes).
PDF statistics:
 224 PDF objects out of 1000 (max. 8388607)
 0 named destinations out of 1000 (max. 500000)
 251 words of extra memory for PDF output out of 10000 (max. 10000000)

